2026-05-13 09:17:35,744 - INFO - --START--
2026-05-13 09:17:35,745 - INFO - >>>>>>>>>>>>>> Starting retail data pipeline >>>>>>>>>>>>>>>>>>>>>>>
2026-05-13 09:17:35,745 - INFO - Loading transactions data...
2026-05-13 09:17:35,754 - INFO - Transactions loaded successfully: 505 rows
2026-05-13 09:17:35,765 - INFO - Loading store metadata...
2026-05-13 09:17:35,768 - INFO - Store metadata loaded successfully: 30 rows
2026-05-13 09:17:35,773 - INFO - Loading product catalog...
2026-05-13 09:17:35,782 - INFO - Product catalog loaded successfully: 50 rows
2026-05-13 09:17:35,782 - INFO - Starting transaction validation...
2026-05-13 09:17:35,812 - INFO - Clean records: 435
2026-05-13 09:17:35,812 - INFO - Quarantined records: 70
2026-05-13 09:17:35,812 - INFO - Starting transformation layer...
2026-05-13 09:17:35,823 - INFO - Transformation completed: 435 rows
2026-05-13 09:17:35,835 - INFO - >>>>>>>>>>>>>> CSV outputs generated successfully >>>>>>>>>>>>>>>>>>
2026-05-13 09:17:35,836 - INFO - Connecting to SQL Server...
2026-05-13 09:17:35,964 - INFO - Loading clean_transactions table...
2026-05-13 09:17:39,181 - INFO - Loading quarantine_transactions table...
2026-05-13 09:17:39,303 - INFO - Loading dm_transaction table...
2026-05-13 09:17:40,020 - INFO - SQL Server load completed successfully.
2026-05-13 09:17:40,020 - INFO - Connecting to SQL Server for :  stg_stores_raw...
2026-05-13 09:17:40,020 - INFO - Loading raw : stg_stores_raw
2026-05-13 09:17:40,139 - INFO - Load for :  stg_stores_raw completed...
2026-05-13 09:17:40,139 - INFO - Connecting to SQL Server for :  stg_products_raw...
2026-05-13 09:17:40,140 - INFO - Loading raw : stg_products_raw
2026-05-13 09:17:40,235 - INFO - Load for :  stg_products_raw completed...
2026-05-13 09:17:40,235 - INFO - Connecting to SQL Server for :  stg_transactions_raw...
2026-05-13 09:17:40,235 - INFO - Loading raw : stg_transactions_raw
2026-05-13 09:17:40,785 - INFO - Load for :  stg_transactions_raw completed...
2026-05-13 09:17:40,785 - INFO - >>>>>>>>>>>>>> Retail data pipeline completed successfully >>>>>>>>>
2026-05-13 09:17:40,785 - INFO - --END--
